  Building Custom Rule C:/Users/User/Music/Procedural_Animation/Terrains/CMakeLists.txt
  main.cpp
C:\Users\User\Music\Procedural_Animation\external\OpenGP\SurfaceMesh\IO\IO_obj.cpp(36,16): warning C4996: 'fopen': This function or variable may be unsafe. Consider using fopen_s instead. To disable deprecation, use _CRT_SECURE_NO_WARNINGS. See online help for details.
C:\Users\User\Music\Procedural_Animation\external\OpenGP\SurfaceMesh\IO\IO_obj.cpp(47,54): warning C4996: 'sscanf': This function or variable may be unsafe. Consider using sscanf_s instead. To disable deprecation, use _CRT_SECURE_NO_WARNINGS. See online help for details.
C:\Users\User\Music\Procedural_Animation\external\OpenGP\SurfaceMesh\IO\IO_obj.cpp(48,55): warning C4996: 'sscanf': This function or variable may be unsafe. Consider using sscanf_s instead. To disable deprecation, use _CRT_SECURE_NO_WARNINGS. See online help for details.
C:\Users\User\Music\Procedural_Animation\external\OpenGP\SurfaceMesh\IO\IO_obj.cpp(60,14): warning C4996: 'freopen': This function or variable may be unsafe. Consider using freopen_s instead. To disable deprecation, use _CRT_SECURE_NO_WARNINGS. See online help for details.
C:\Users\User\Music\Procedural_Animation\external\OpenGP\SurfaceMesh\IO\IO_obj.cpp(74,17): warning C4996: 'sscanf': This function or variable may be unsafe. Consider using sscanf_s instead. To disable deprecation, use _CRT_SECURE_NO_WARNINGS. See online help for details.
C:\Users\User\Music\Procedural_Animation\external\OpenGP\SurfaceMesh\IO\IO_obj.cpp(81,26): warning C4996: 'sscanf': This function or variable may be unsafe. Consider using sscanf_s instead. To disable deprecation, use _CRT_SECURE_NO_WARNINGS. See online help for details.
C:\Users\User\Music\Procedural_Animation\external\OpenGP\SurfaceMesh\IO\IO_obj.cpp(93,17): warning C4996: 'sscanf': This function or variable may be unsafe. Consider using sscanf_s instead. To disable deprecation, use _CRT_SECURE_NO_WARNINGS. See online help for details.
C:\Users\User\Music\Procedural_Animation\external\OpenGP\SurfaceMesh\IO\IO_obj.cpp(192,17): warning C4996: 'fopen': This function or variable may be unsafe. Consider using fopen_s instead. To disable deprecation, use _CRT_SECURE_NO_WARNINGS. See online help for details.
C:\Users\User\Music\Procedural_Animation\external\OpenGP\SurfaceMesh\IO\IO_off.cpp(81,74): warning C4305: 'argument': truncation from 'double' to 'const float'
C:\Users\User\Music\Procedural_Animation\external\OpenGP\SurfaceMesh\IO\IO_off.cpp(48,13): warning C4996: 'fscanf': This function or variable may be unsafe. Consider using fscanf_s instead. To disable deprecation, use _CRT_SECURE_NO_WARNINGS. See online help for details.
C:\Users\User\Music\Procedural_Animation\external\OpenGP\SurfaceMesh\IO\IO_off.cpp(61,17): warning C4996: 'sscanf': This function or variable may be unsafe. Consider using sscanf_s instead. To disable deprecation, use _CRT_SECURE_NO_WARNINGS. See online help for details.
C:\Users\User\Music\Procedural_Animation\external\OpenGP\SurfaceMesh\IO\IO_off.cpp(69,17): warning C4996: 'sscanf': This function or variable may be unsafe. Consider using sscanf_s instead. To disable deprecation, use _CRT_SECURE_NO_WARNINGS. See online help for details.
C:\Users\User\Music\Procedural_Animation\external\OpenGP\SurfaceMesh\IO\IO_off.cpp(79,17): warning C4996: 'sscanf': This function or variable may be unsafe. Consider using sscanf_s instead. To disable deprecation, use _CRT_SECURE_NO_WARNINGS. See online help for details.
C:\Users\User\Music\Procedural_Animation\external\OpenGP\SurfaceMesh\IO\IO_off.cpp(90,21): warning C4996: 'sscanf': This function or variable may be unsafe. Consider using sscanf_s instead. To disable deprecation, use _CRT_SECURE_NO_WARNINGS. See online help for details.
C:\Users\User\Music\Procedural_Animation\external\OpenGP\SurfaceMesh\IO\IO_off.cpp(109,17): warning C4996: 'sscanf': This function or variable may be unsafe. Consider using sscanf_s instead. To disable deprecation, use _CRT_SECURE_NO_WARNINGS. See online help for details.
C:\Users\User\Music\Procedural_Animation\external\OpenGP\SurfaceMesh\IO\IO_off.cpp(117,21): warning C4996: 'sscanf': This function or variable may be unsafe. Consider using sscanf_s instead. To disable deprecation, use _CRT_SECURE_NO_WARNINGS. See online help for details.
C:\Users\User\Music\Procedural_Animation\external\OpenGP\SurfaceMesh\IO\IO_off.cpp(226,16): warning C4996: 'fopen': This function or variable may be unsafe. Consider using fopen_s instead. To disable deprecation, use _CRT_SECURE_NO_WARNINGS. See online help for details.
C:\Users\User\Music\Procedural_Animation\external\OpenGP\SurfaceMesh\IO\IO_off.cpp(261,14): warning C4996: 'fopen': This function or variable may be unsafe. Consider using fopen_s instead. To disable deprecation, use _CRT_SECURE_NO_WARNINGS. See online help for details.
C:\Users\User\Music\Procedural_Animation\external\OpenGP\SurfaceMesh\IO\IO_off.cpp(323,19): warning C4244: 'initializing': conversion from 'const float' to 'int', possible loss of data
C:\Users\User\Music\Procedural_Animation\external\OpenGP\SurfaceMesh\IO\IO_off.cpp(323,29): warning C4244: 'initializing': conversion from 'const float' to 'int', possible loss of data
C:\Users\User\Music\Procedural_Animation\external\OpenGP\SurfaceMesh\IO\IO_off.cpp(323,38): warning C4244: 'initializing': conversion from 'const float' to 'int', possible loss of data
C:\Users\User\Music\Procedural_Animation\external\OpenGP\SurfaceMesh\IO\IO_off.cpp(358,20): warning C4244: 'initializing': conversion from 'const float' to 'int', possible loss of data
C:\Users\User\Music\Procedural_Animation\external\OpenGP\SurfaceMesh\IO\IO_off.cpp(358,30): warning C4244: 'initializing': conversion from 'const float' to 'int', possible loss of data
C:\Users\User\Music\Procedural_Animation\external\OpenGP\SurfaceMesh\IO\IO_off.cpp(358,39): warning C4244: 'initializing': conversion from 'const float' to 'int', possible loss of data
C:\Users\User\Music\Procedural_Animation\external\OpenGP\SurfaceMesh\IO\IO_off.cpp(288,17): warning C4996: 'fopen': This function or variable may be unsafe. Consider using fopen_s instead. To disable deprecation, use _CRT_SECURE_NO_WARNINGS. See online help for details.
C:\Users\User\Music\Procedural_Animation\external\OpenGP\SurfaceMesh\IO\IO_poly.cpp(68,93): warning C4267: '=': conversion from 'size_t' to 'unsigned int', possible loss of data
C:\Users\User\Music\Procedural_Animation\external\OpenGP\SurfaceMesh\IO\IO_poly.cpp(69,93): warning C4267: '=': conversion from 'size_t' to 'unsigned int', possible loss of data
C:\Users\User\Music\Procedural_Animation\external\OpenGP\SurfaceMesh\IO\IO_poly.cpp(70,93): warning C4267: '=': conversion from 'size_t' to 'unsigned int', possible loss of data
C:\Users\User\Music\Procedural_Animation\external\OpenGP\SurfaceMesh\IO\IO_poly.cpp(71,93): warning C4267: '=': conversion from 'size_t' to 'unsigned int', possible loss of data
C:\Users\User\Music\Procedural_Animation\external\OpenGP\SurfaceMesh\IO\IO_poly.cpp(38,16): warning C4996: 'fopen': This function or variable may be unsafe. Consider using fopen_s instead. To disable deprecation, use _CRT_SECURE_NO_WARNINGS. See online help for details.
C:\Users\User\Music\Procedural_Animation\external\OpenGP\SurfaceMesh\IO\IO_stl.cpp(83,16): warning C4996: 'fopen': This function or variable may be unsafe. Consider using fopen_s instead. To disable deprecation, use _CRT_SECURE_NO_WARNINGS. See online help for details.
C:\Users\User\Music\Procedural_Animation\external\OpenGP\SurfaceMesh\IO\IO_stl.cpp(99,14): warning C4996: 'fopen': This function or variable may be unsafe. Consider using fopen_s instead. To disable deprecation, use _CRT_SECURE_NO_WARNINGS. See online help for details.
C:\Users\User\Music\Procedural_Animation\external\OpenGP\SurfaceMesh\IO\IO_stl.cpp(172,21): warning C4996: 'sscanf': This function or variable may be unsafe. Consider using sscanf_s instead. To disable deprecation, use _CRT_SECURE_NO_WARNINGS. See online help for details.
C:\Users\User\Music\Procedural_Animation\external\OpenGP\SurfaceMesh\SurfaceMesh.cpp(365,41): warning C4267: 'initializing': conversion from 'size_t' to 'unsigned int', possible loss of data
C:\Users\User\Music\Procedural_Animation\external\OpenGP\SurfaceMesh\SurfaceMesh.cpp(365,41): warning C4267: 'initializing': conversion from 'size_t' to 'const unsigned int', possible loss of data
C:\Users\User\Music\Procedural_Animation\common\..\external\OpenGP/GL/GPUMesh.h(136,1): warning C4267: '=': conversion from 'size_t' to 'int', possible loss of data
C:\Users\User\Music\Procedural_Animation\external\OpenGP\GL\Application.cpp(49,1): warning C4244: '*=': conversion from 'float' to 'int', possible loss of data
C:\Users\User\Music\Procedural_Animation\external\OpenGP\GL\Application.cpp(50,1): warning C4244: '*=': conversion from 'float' to 'int', possible loss of data
C:\Users\User\Music\Procedural_Animation\common\..\external\OpenGP/GL/Eigen.h(22,17): warning C4244: 'initializing': conversion from 'double' to 'OpenGP::Scalar', possible loss of data
C:\Users\User\Music\Procedural_Animation\common\..\external\OpenGP/GL/Eigen.h(23,26): warning C4244: 'initializing': conversion from 'double' to 'OpenGP::Scalar', possible loss of data
C:\Users\User\Music\Procedural_Animation\common\..\external\OpenGP/GL/Eigen.h(24,19): warning C4244: '=': conversion from 'double' to 'float', possible loss of data
C:\Users\User\Music\Procedural_Animation\common\..\external\OpenGP/GL/Eigen.h(25,19): warning C4244: '=': conversion from 'double' to 'float', possible loss of data
C:\Users\User\Music\Procedural_Animation\common\..\external\OpenGP/GL/Eigen.h(28,38): warning C4244: '=': conversion from 'double' to 'float', possible loss of data
C:\Users\User\Music\Procedural_Animation\common\..\external\OpenGP/external/LodePNG/lodepng.cpp(798,34): warning C4334: '<<': result of 32-bit shift implicitly converted to 64 bits (was 64-bit shift intended?)
C:\Users\User\Music\Procedural_Animation\common\..\external\OpenGP/external/LodePNG/lodepng.cpp(1458,29): warning C4267: '=': conversion from 'size_t' to 'int', possible loss of data
C:\Users\User\Music\Procedural_Animation\common\..\external\OpenGP/external/LodePNG/lodepng.cpp(1462,31): warning C4267: '=': conversion from 'size_t' to 'int', possible loss of data
C:\Users\User\Music\Procedural_Animation\common\..\external\OpenGP/external/LodePNG/lodepng.cpp(1534,86): warning C4267: '=': conversion from 'size_t' to 'unsigned int', possible loss of data
C:\Users\User\Music\Procedural_Animation\common\..\external\OpenGP/external/LodePNG/lodepng.cpp(3479,46): warning C4334: '<<': result of 32-bit shift implicitly converted to 64 bits (was 64-bit shift intended?)
C:\Users\User\Music\Procedural_Animation\common\..\external\OpenGP/external/LodePNG/lodepng.cpp(3493,54): warning C4267: 'argument': conversion from 'size_t' to 'unsigned int', possible loss of data
C:\Users\User\Music\Procedural_Animation\common\..\external\OpenGP/external/LodePNG/lodepng.cpp(4334,75): warning C4267: '=': conversion from 'size_t' to 'unsigned int', possible loss of data
C:\Users\User\Music\Procedural_Animation\common\..\external\OpenGP/external/LodePNG/lodepng.cpp(4382,41): warning C4267: '=': conversion from 'size_t' to 'unsigned int', possible loss of data
C:\Users\User\Music\Procedural_Animation\common\..\external\OpenGP/external/LodePNG/lodepng.cpp(4462,59): warning C4267: '=': conversion from 'size_t' to 'unsigned int', possible loss of data
C:\Users\User\Music\Procedural_Animation\common\..\external\OpenGP/external/LodePNG/lodepng.cpp(5405,38): warning C4267: 'initializing': conversion from 'size_t' to 'unsigned int', possible loss of data
LINK : warning LNK4098: defaultlib 'LIBCMT' conflicts with use of other libs; use /NODEFAULTLIB:library
  Terrains.vcxproj -> C:\Users\User\Music\Procedural_Animation\build\Terrains\Release\Terrains.exe
